mode: set
github.com/LeonelPerz/simplebank/db/sqlc/account.sql.go:24.104,35.2 4 0
github.com/LeonelPerz/simplebank/db/sqlc/account.sql.go:53.96,64.2 4 1
github.com/LeonelPerz/simplebank/db/sqlc/account.sql.go:71.70,74.2 2 0
github.com/LeonelPerz/simplebank/db/sqlc/account.sql.go:81.78,92.2 4 0
github.com/LeonelPerz/simplebank/db/sqlc/account.sql.go:100.87,111.2 4 0
github.com/LeonelPerz/simplebank/db/sqlc/account.sql.go:125.96,127.16 2 0
github.com/LeonelPerz/simplebank/db/sqlc/account.sql.go:127.16,129.3 1 0
github.com/LeonelPerz/simplebank/db/sqlc/account.sql.go:130.2,132.18 3 0
github.com/LeonelPerz/simplebank/db/sqlc/account.sql.go:132.18,140.17 2 0
github.com/LeonelPerz/simplebank/db/sqlc/account.sql.go:140.17,142.4 1 0
github.com/LeonelPerz/simplebank/db/sqlc/account.sql.go:143.3,143.27 1 0
github.com/LeonelPerz/simplebank/db/sqlc/account.sql.go:145.2,145.37 1 0
github.com/LeonelPerz/simplebank/db/sqlc/account.sql.go:145.37,147.3 1 0
github.com/LeonelPerz/simplebank/db/sqlc/account.sql.go:148.2,148.35 1 0
github.com/LeonelPerz/simplebank/db/sqlc/account.sql.go:148.35,150.3 1 0
github.com/LeonelPerz/simplebank/db/sqlc/account.sql.go:151.2,151.19 1 0
github.com/LeonelPerz/simplebank/db/sqlc/account.sql.go:166.96,177.2 4 0
github.com/LeonelPerz/simplebank/db/sqlc/db.go:19.28,21.2 1 1
github.com/LeonelPerz/simplebank/db/sqlc/db.go:27.47,31.2 1 0
github.com/LeonelPerz/simplebank/db/sqlc/entry.sql.go:26.90,36.2 4 0
github.com/LeonelPerz/simplebank/db/sqlc/entry.sql.go:43.74,53.2 4 0
github.com/LeonelPerz/simplebank/db/sqlc/entry.sql.go:69.92,71.16 2 0
github.com/LeonelPerz/simplebank/db/sqlc/entry.sql.go:71.16,73.3 1 0
github.com/LeonelPerz/simplebank/db/sqlc/entry.sql.go:74.2,76.18 3 0
github.com/LeonelPerz/simplebank/db/sqlc/entry.sql.go:76.18,83.17 2 0
github.com/LeonelPerz/simplebank/db/sqlc/entry.sql.go:83.17,85.4 1 0
github.com/LeonelPerz/simplebank/db/sqlc/entry.sql.go:86.3,86.27 1 0
github.com/LeonelPerz/simplebank/db/sqlc/entry.sql.go:88.2,88.37 1 0
github.com/LeonelPerz/simplebank/db/sqlc/entry.sql.go:88.37,90.3 1 0
github.com/LeonelPerz/simplebank/db/sqlc/entry.sql.go:91.2,91.35 1 0
github.com/LeonelPerz/simplebank/db/sqlc/entry.sql.go:91.35,93.3 1 0
github.com/LeonelPerz/simplebank/db/sqlc/entry.sql.go:94.2,94.19 1 0
github.com/LeonelPerz/simplebank/db/sqlc/store.go:22.33,27.2 1 1
github.com/LeonelPerz/simplebank/db/sqlc/store.go:30.83,32.16 2 0
github.com/LeonelPerz/simplebank/db/sqlc/store.go:32.16,34.3 1 0
github.com/LeonelPerz/simplebank/db/sqlc/store.go:36.2,38.16 3 0
github.com/LeonelPerz/simplebank/db/sqlc/store.go:38.16,39.43 1 0
github.com/LeonelPerz/simplebank/db/sqlc/store.go:39.43,41.4 1 0
github.com/LeonelPerz/simplebank/db/sqlc/store.go:42.3,42.13 1 0
github.com/LeonelPerz/simplebank/db/sqlc/store.go:45.2,45.20 1 0
github.com/LeonelPerz/simplebank/db/sqlc/store.go:66.104,69.50 2 0
github.com/LeonelPerz/simplebank/db/sqlc/store.go:69.50,77.17 3 0
github.com/LeonelPerz/simplebank/db/sqlc/store.go:77.17,79.4 1 0
github.com/LeonelPerz/simplebank/db/sqlc/store.go:81.3,85.17 2 0
github.com/LeonelPerz/simplebank/db/sqlc/store.go:85.17,87.4 1 0
github.com/LeonelPerz/simplebank/db/sqlc/store.go:89.3,93.17 2 0
github.com/LeonelPerz/simplebank/db/sqlc/store.go:93.17,95.4 1 0
github.com/LeonelPerz/simplebank/db/sqlc/store.go:97.3,97.42 1 0
github.com/LeonelPerz/simplebank/db/sqlc/store.go:97.42,99.4 1 0
github.com/LeonelPerz/simplebank/db/sqlc/store.go:99.9,101.4 1 0
github.com/LeonelPerz/simplebank/db/sqlc/store.go:103.3,103.13 1 0
github.com/LeonelPerz/simplebank/db/sqlc/store.go:106.2,106.20 1 0
github.com/LeonelPerz/simplebank/db/sqlc/store.go:116.51,121.16 2 0
github.com/LeonelPerz/simplebank/db/sqlc/store.go:121.16,123.3 1 0
github.com/LeonelPerz/simplebank/db/sqlc/store.go:125.2,129.8 2 0
github.com/LeonelPerz/simplebank/db/sqlc/transfer.sql.go:28.99,39.2 4 0
github.com/LeonelPerz/simplebank/db/sqlc/transfer.sql.go:46.80,57.2 4 0
github.com/LeonelPerz/simplebank/db/sqlc/transfer.sql.go:76.99,83.16 2 0
github.com/LeonelPerz/simplebank/db/sqlc/transfer.sql.go:83.16,85.3 1 0
github.com/LeonelPerz/simplebank/db/sqlc/transfer.sql.go:86.2,88.18 3 0
github.com/LeonelPerz/simplebank/db/sqlc/transfer.sql.go:88.18,96.17 2 0
github.com/LeonelPerz/simplebank/db/sqlc/transfer.sql.go:96.17,98.4 1 0
github.com/LeonelPerz/simplebank/db/sqlc/transfer.sql.go:99.3,99.27 1 0
github.com/LeonelPerz/simplebank/db/sqlc/transfer.sql.go:101.2,101.37 1 0
github.com/LeonelPerz/simplebank/db/sqlc/transfer.sql.go:101.37,103.3 1 0
github.com/LeonelPerz/simplebank/db/sqlc/transfer.sql.go:104.2,104.35 1 0
github.com/LeonelPerz/simplebank/db/sqlc/transfer.sql.go:104.35,106.3 1 0
github.com/LeonelPerz/simplebank/db/sqlc/transfer.sql.go:107.2,107.19 1 0
