mode: set
github.com/LeonelPerz/simplebank/db/sqlc/account.sql.go:22.104,33.2 4 1
github.com/LeonelPerz/simplebank/db/sqlc/account.sql.go:51.96,62.2 4 1
github.com/LeonelPerz/simplebank/db/sqlc/account.sql.go:69.70,72.2 2 0
github.com/LeonelPerz/simplebank/db/sqlc/account.sql.go:79.78,90.2 4 1
github.com/LeonelPerz/simplebank/db/sqlc/account.sql.go:98.87,109.2 4 0
github.com/LeonelPerz/simplebank/db/sqlc/account.sql.go:123.96,125.16 2 0
github.com/LeonelPerz/simplebank/db/sqlc/account.sql.go:125.16,127.3 1 0
github.com/LeonelPerz/simplebank/db/sqlc/account.sql.go:128.2,130.18 3 0
github.com/LeonelPerz/simplebank/db/sqlc/account.sql.go:130.18,138.17 2 0
github.com/LeonelPerz/simplebank/db/sqlc/account.sql.go:138.17,140.4 1 0
github.com/LeonelPerz/simplebank/db/sqlc/account.sql.go:141.3,141.27 1 0
github.com/LeonelPerz/simplebank/db/sqlc/account.sql.go:143.2,143.37 1 0
github.com/LeonelPerz/simplebank/db/sqlc/account.sql.go:143.37,145.3 1 0
github.com/LeonelPerz/simplebank/db/sqlc/account.sql.go:146.2,146.35 1 0
github.com/LeonelPerz/simplebank/db/sqlc/account.sql.go:146.35,148.3 1 0
github.com/LeonelPerz/simplebank/db/sqlc/account.sql.go:149.2,149.19 1 0
github.com/LeonelPerz/simplebank/db/sqlc/account.sql.go:164.96,175.2 4 0
github.com/LeonelPerz/simplebank/db/sqlc/db.go:17.28,19.2 1 1
github.com/LeonelPerz/simplebank/db/sqlc/db.go:25.47,29.2 1 0
github.com/LeonelPerz/simplebank/db/sqlc/entry.sql.go:24.90,34.2 4 1
github.com/LeonelPerz/simplebank/db/sqlc/entry.sql.go:41.74,51.2 4 1
github.com/LeonelPerz/simplebank/db/sqlc/entry.sql.go:67.92,69.16 2 0
github.com/LeonelPerz/simplebank/db/sqlc/entry.sql.go:69.16,71.3 1 0
github.com/LeonelPerz/simplebank/db/sqlc/entry.sql.go:72.2,74.18 3 0
github.com/LeonelPerz/simplebank/db/sqlc/entry.sql.go:74.18,81.17 2 0
github.com/LeonelPerz/simplebank/db/sqlc/entry.sql.go:81.17,83.4 1 0
github.com/LeonelPerz/simplebank/db/sqlc/entry.sql.go:84.3,84.27 1 0
github.com/LeonelPerz/simplebank/db/sqlc/entry.sql.go:86.2,86.37 1 0
github.com/LeonelPerz/simplebank/db/sqlc/entry.sql.go:86.37,88.3 1 0
github.com/LeonelPerz/simplebank/db/sqlc/entry.sql.go:89.2,89.35 1 0
github.com/LeonelPerz/simplebank/db/sqlc/entry.sql.go:89.35,91.3 1 0
github.com/LeonelPerz/simplebank/db/sqlc/entry.sql.go:92.2,92.19 1 0
github.com/LeonelPerz/simplebank/db/sqlc/store.go:16.34,21.2 1 1
github.com/LeonelPerz/simplebank/db/sqlc/store.go:24.80,26.16 2 1
github.com/LeonelPerz/simplebank/db/sqlc/store.go:26.16,28.3 1 0
github.com/LeonelPerz/simplebank/db/sqlc/store.go:30.2,32.16 3 1
github.com/LeonelPerz/simplebank/db/sqlc/store.go:32.16,33.43 1 0
github.com/LeonelPerz/simplebank/db/sqlc/store.go:33.43,35.4 1 0
github.com/LeonelPerz/simplebank/db/sqlc/store.go:36.3,36.13 1 0
github.com/LeonelPerz/simplebank/db/sqlc/store.go:39.2,39.20 1 1
github.com/LeonelPerz/simplebank/db/sqlc/store.go:60.101,63.50 2 1
github.com/LeonelPerz/simplebank/db/sqlc/store.go:63.50,71.17 3 1
github.com/LeonelPerz/simplebank/db/sqlc/store.go:71.17,73.4 1 0
github.com/LeonelPerz/simplebank/db/sqlc/store.go:75.3,79.17 2 1
github.com/LeonelPerz/simplebank/db/sqlc/store.go:79.17,81.4 1 0
github.com/LeonelPerz/simplebank/db/sqlc/store.go:83.3,87.17 2 1
github.com/LeonelPerz/simplebank/db/sqlc/store.go:87.17,89.4 1 0
github.com/LeonelPerz/simplebank/db/sqlc/store.go:91.3,91.42 1 1
github.com/LeonelPerz/simplebank/db/sqlc/store.go:91.42,93.4 1 1
github.com/LeonelPerz/simplebank/db/sqlc/store.go:93.9,95.4 1 0
github.com/LeonelPerz/simplebank/db/sqlc/store.go:97.3,97.13 1 1
github.com/LeonelPerz/simplebank/db/sqlc/store.go:100.2,100.20 1 1
github.com/LeonelPerz/simplebank/db/sqlc/store.go:110.51,115.16 2 1
github.com/LeonelPerz/simplebank/db/sqlc/store.go:115.16,117.3 1 0
github.com/LeonelPerz/simplebank/db/sqlc/store.go:119.2,123.8 2 1
github.com/LeonelPerz/simplebank/db/sqlc/transfer.sql.go:26.99,37.2 4 1
github.com/LeonelPerz/simplebank/db/sqlc/transfer.sql.go:44.80,55.2 4 1
github.com/LeonelPerz/simplebank/db/sqlc/transfer.sql.go:74.99,81.16 2 0
github.com/LeonelPerz/simplebank/db/sqlc/transfer.sql.go:81.16,83.3 1 0
github.com/LeonelPerz/simplebank/db/sqlc/transfer.sql.go:84.2,86.18 3 0
github.com/LeonelPerz/simplebank/db/sqlc/transfer.sql.go:86.18,94.17 2 0
github.com/LeonelPerz/simplebank/db/sqlc/transfer.sql.go:94.17,96.4 1 0
github.com/LeonelPerz/simplebank/db/sqlc/transfer.sql.go:97.3,97.27 1 0
github.com/LeonelPerz/simplebank/db/sqlc/transfer.sql.go:99.2,99.37 1 0
github.com/LeonelPerz/simplebank/db/sqlc/transfer.sql.go:99.37,101.3 1 0
github.com/LeonelPerz/simplebank/db/sqlc/transfer.sql.go:102.2,102.35 1 0
github.com/LeonelPerz/simplebank/db/sqlc/transfer.sql.go:102.35,104.3 1 0
github.com/LeonelPerz/simplebank/db/sqlc/transfer.sql.go:105.2,105.19 1 0
